<?xml version="1.0" encoding="UTF-8"?>
<!-- Generated by org.testng.reporters.JUnitXMLReporter -->
<testsuite ignored="0" hostname="Gowtham" failures="0" tests="5" name="Default test" time="59.02" errors="0" timestamp="26 Jul 2024 02:46:32 GMT">
  <testcase classname="com.runner.SimpleAnnotations" name="searchProduct" time="2.057"/>
  <testcase classname="com.runner.SimpleAnnotations" name="selectProduct" time="15.414"/>
  <testcase classname="com.runner.SimpleAnnotations" name="login" time="4.569"/>
  <testcase classname="com.runner.SimpleAnnotations" name="paymentpage" time="10.913"/>
  <testcase classname="com.runner.SimpleAnnotations" name="frameInpp" time="21.939"/>
</testsuite> <!-- Default test -->
