<?xml version="1.0" encoding="UTF-8"?>
<testng-results ignored="0" total="5" passed="5" failed="0" skipped="0">
  <reporter-output>
  </reporter-output>
  <suite started-at="2024-07-26T02:45:33Z" name="Default suite" finished-at="2024-07-26T02:46:32Z" duration-ms="59020">
    <groups>
    </groups>
    <test started-at="2024-07-26T02:45:33Z" name="Default test" finished-at="2024-07-26T02:46:32Z" duration-ms="59020">
      <class name="com.runner.SimpleAnnotations">
        <test-method is-config="true" signature="launchBrowser()[pri:0, instance:com.runner.SimpleAnnotations@c94fd30]" started-at="2024-07-26T02:45:29Z" name="launchBrowser" finished-at="2024-07-26T02:45:33Z" duration-ms="3329" status="PASS">
          <reporter-output>
          </reporter-output>
        </test-method> <!-- launchBrowser -->
        <test-method is-config="true" signature="launchurl()[pri:0, instance:com.runner.SimpleAnnotations@c94fd30]" started-at="2024-07-26T02:45:33Z" name="launchurl" finished-at="2024-07-26T02:45:37Z" duration-ms="4014" status="PASS">
          <reporter-output>
          </reporter-output>
        </test-method> <!-- launchurl -->
        <test-method is-config="true" signature="wait_1()[pri:0, instance:com.runner.SimpleAnnotations@c94fd30]" started-at="2024-07-26T02:45:37Z" name="wait_1" finished-at="2024-07-26T02:45:37Z" duration-ms="8" status="PASS">
          <reporter-output>
          </reporter-output>
        </test-method> <!-- wait_1 -->
        <test-method signature="searchProduct()[pri:1, instance:com.runner.SimpleAnnotations@c94fd30]" started-at="2024-07-26T02:45:37Z" name="searchProduct" finished-at="2024-07-26T02:45:39Z" duration-ms="2057" status="PASS">
          <reporter-output>
          </reporter-output>
        </test-method> <!-- searchProduct -->
        <test-method is-config="true" signature="wait_1()[pri:0, instance:com.runner.SimpleAnnotations@c94fd30]" started-at="2024-07-26T02:45:39Z" name="wait_1" finished-at="2024-07-26T02:45:39Z" duration-ms="4" status="PASS">
          <reporter-output>
          </reporter-output>
        </test-method> <!-- wait_1 -->
        <test-method signature="selectProduct()[pri:2, instance:com.runner.SimpleAnnotations@c94fd30]" started-at="2024-07-26T02:45:39Z" name="selectProduct" finished-at="2024-07-26T02:45:54Z" duration-ms="15414" status="PASS">
          <reporter-output>
          </reporter-output>
        </test-method> <!-- selectProduct -->
        <test-method is-config="true" signature="wait_1()[pri:0, instance:com.runner.SimpleAnnotations@c94fd30]" started-at="2024-07-26T02:45:54Z" name="wait_1" finished-at="2024-07-26T02:45:54Z" duration-ms="7" status="PASS">
          <reporter-output>
          </reporter-output>
        </test-method> <!-- wait_1 -->
        <test-method signature="login()[pri:3, instance:com.runner.SimpleAnnotations@c94fd30]" started-at="2024-07-26T02:45:54Z" name="login" finished-at="2024-07-26T02:45:59Z" duration-ms="4569" status="PASS">
          <reporter-output>
          </reporter-output>
        </test-method> <!-- login -->
        <test-method is-config="true" signature="wait_1()[pri:0, instance:com.runner.SimpleAnnotations@c94fd30]" started-at="2024-07-26T02:45:59Z" name="wait_1" finished-at="2024-07-26T02:45:59Z" duration-ms="47" status="PASS">
          <reporter-output>
          </reporter-output>
        </test-method> <!-- wait_1 -->
        <test-method signature="paymentpage()[pri:4, instance:com.runner.SimpleAnnotations@c94fd30]" started-at="2024-07-26T02:45:59Z" name="paymentpage" finished-at="2024-07-26T02:46:10Z" duration-ms="10913" status="PASS">
          <reporter-output>
          </reporter-output>
        </test-method> <!-- paymentpage -->
        <test-method is-config="true" signature="wait_1()[pri:0, instance:com.runner.SimpleAnnotations@c94fd30]" started-at="2024-07-26T02:46:10Z" name="wait_1" finished-at="2024-07-26T02:46:10Z" duration-ms="4" status="PASS">
          <reporter-output>
          </reporter-output>
        </test-method> <!-- wait_1 -->
        <test-method signature="frameInpp()[pri:5, instance:com.runner.SimpleAnnotations@c94fd30]" started-at="2024-07-26T02:46:10Z" name="frameInpp" finished-at="2024-07-26T02:46:32Z" duration-ms="21939" status="PASS">
          <reporter-output>
          </reporter-output>
        </test-method> <!-- frameInpp -->
      </class> <!-- com.runner.SimpleAnnotations -->
    </test> <!-- Default test -->
  </suite> <!-- Default suite -->
</testng-results>
